  Source.cpp
d:\visual studio 2015\projects\mouse_control\mouse_control\source.cpp(139): warning C4838: 從 'int' 到 'float' 的轉換必須是縮小轉換
d:\visual studio 2015\projects\mouse_control\mouse_control\source.cpp(139): warning C4244: '正在初始化': 將 'int' 轉換為 'float'，由於類型不同，可能導致資料遺失
d:\visual studio 2015\projects\mouse_control\mouse_control\source.cpp(148): warning C4244: '正在初始化': 將 'float' 轉換為 'int'，由於類型不同，可能導致資料遺失
d:\visual studio 2015\projects\mouse_control\mouse_control\source.cpp(149): warning C4244: '正在初始化': 將 'float' 轉換為 'int'，由於類型不同，可能導致資料遺失
d:\visual studio 2015\projects\mouse_control\mouse_control\source.cpp(156): warning C4838: 從 'int' 到 'float' 的轉換必須是縮小轉換
d:\visual studio 2015\projects\mouse_control\mouse_control\source.cpp(156): warning C4244: '正在初始化': 將 'int' 轉換為 'float'，由於類型不同，可能導致資料遺失
d:\visual studio 2015\projects\mouse_control\mouse_control\source.cpp(165): warning C4244: '=': 將 'int' 轉換為 'float'，由於類型不同，可能導致資料遺失
d:\visual studio 2015\projects\mouse_control\mouse_control\source.cpp(166): warning C4244: '=': 將 'int' 轉換為 'float'，由於類型不同，可能導致資料遺失
d:\visual studio 2015\projects\mouse_control\mouse_control\source.cpp(178): warning C4244: '=': 將 'int' 轉換為 'float'，由於類型不同，可能導致資料遺失
d:\visual studio 2015\projects\mouse_control\mouse_control\source.cpp(179): warning C4244: '=': 將 'int' 轉換為 'float'，由於類型不同，可能導致資料遺失
d:\visual studio 2015\projects\mouse_control\mouse_control\source.cpp(193): warning C4244: '正在初始化': 將 'float' 轉換為 'int'，由於類型不同，可能導致資料遺失
d:\visual studio 2015\projects\mouse_control\mouse_control\source.cpp(194): warning C4244: '正在初始化': 將 'float' 轉換為 'int'，由於類型不同，可能導致資料遺失
d:\visual studio 2015\projects\mouse_control\mouse_control\source.cpp(200): warning C4838: 從 'int' 到 'float' 的轉換必須是縮小轉換
d:\visual studio 2015\projects\mouse_control\mouse_control\source.cpp(200): warning C4244: '正在初始化': 將 'int' 轉換為 'float'，由於類型不同，可能導致資料遺失
d:\visual studio 2015\projects\mouse_control\mouse_control\source.cpp(209): warning C4244: '=': 將 'int' 轉換為 'float'，由於類型不同，可能導致資料遺失
d:\visual studio 2015\projects\mouse_control\mouse_control\source.cpp(210): warning C4244: '=': 將 'int' 轉換為 'float'，由於類型不同，可能導致資料遺失
d:\visual studio 2015\projects\mouse_control\mouse_control\source.cpp(222): warning C4244: '=': 將 'int' 轉換為 'float'，由於類型不同，可能導致資料遺失
d:\visual studio 2015\projects\mouse_control\mouse_control\source.cpp(223): warning C4244: '=': 將 'int' 轉換為 'float'，由於類型不同，可能導致資料遺失
d:\visual studio 2015\projects\mouse_control\mouse_control\source.cpp(237): warning C4838: 從 'double' 到 'float' 的轉換必須是縮小轉換
d:\visual studio 2015\projects\mouse_control\mouse_control\source.cpp(237): warning C4244: '正在初始化': 將 'double' 轉換為 'float'，由於類型不同，可能導致資料遺失
d:\visual studio 2015\projects\mouse_control\mouse_control\source.cpp(238): warning C4838: 從 'double' 到 'float' 的轉換必須是縮小轉換
d:\visual studio 2015\projects\mouse_control\mouse_control\source.cpp(238): warning C4244: '正在初始化': 將 'double' 轉換為 'float'，由於類型不同，可能導致資料遺失
d:\visual studio 2015\projects\mouse_control\mouse_control\source.cpp(244): warning C4838: 從 'double' 到 'float' 的轉換必須是縮小轉換
d:\visual studio 2015\projects\mouse_control\mouse_control\source.cpp(244): warning C4244: '正在初始化': 將 'double' 轉換為 'float'，由於類型不同，可能導致資料遺失
d:\visual studio 2015\projects\mouse_control\mouse_control\source.cpp(245): warning C4838: 從 'double' 到 'float' 的轉換必須是縮小轉換
d:\visual studio 2015\projects\mouse_control\mouse_control\source.cpp(245): warning C4244: '正在初始化': 將 'double' 轉換為 'float'，由於類型不同，可能導致資料遺失
d:\visual studio 2015\projects\mouse_control\mouse_control\source.cpp(287): warning C4244: '引數': 將 'float' 轉換為 'int'，由於類型不同，可能導致資料遺失
d:\visual studio 2015\projects\mouse_control\mouse_control\source.cpp(296): warning C4244: '正在初始化': 將 'float' 轉換為 'int'，由於類型不同，可能導致資料遺失
d:\visual studio 2015\projects\mouse_control\mouse_control\source.cpp(297): warning C4244: '正在初始化': 將 'float' 轉換為 'int'，由於類型不同，可能導致資料遺失
d:\visual studio 2015\projects\mouse_control\mouse_control\source.cpp(306): warning C4244: '引數': 將 'float' 轉換為 'int'，由於類型不同，可能導致資料遺失
d:\visual studio 2015\projects\mouse_control\mouse_control\source.cpp(307): warning C4244: '正在初始化': 將 'float' 轉換為 'int'，由於類型不同，可能導致資料遺失
d:\visual studio 2015\projects\mouse_control\mouse_control\source.cpp(308): warning C4244: '正在初始化': 將 'float' 轉換為 'int'，由於類型不同，可能導致資料遺失
d:\visual studio 2015\projects\mouse_control\mouse_control\source.cpp(144): warning C4101: 'ShoulderRight': 未參考的區域變數
  mouse_control.vcxproj -> D:\Visual Studio 2015\Projects\mouse_control\x64\Debug\mouse_control.exe
  mouse_control.vcxproj -> D:\Visual Studio 2015\Projects\mouse_control\x64\Debug\mouse_control.pdb (Full PDB)
